<?xml version="1.0" encoding="UTF-8"?>
<!-- Generated by org.testng.reporters.JUnitReportReporter -->
<testsuite hostname="DESKTOP-QM5GHSN" failures="0" tests="1" name="demo.testng.ParamsDemo" time="0.011" errors="0" timestamp="2022-02-16T10:08:30 IST" skipped="0">
  <testcase classname="demo.testng.ParamsDemo" name="sum" time="0.011"/>
  <system-out/>
</testsuite> <!-- demo.testng.ParamsDemo -->
