<?xml version="1.0" encoding="UTF-8"?>
<!-- Generated by org.testng.reporters.JUnitReportReporter -->
<testsuite hostname="DESKTOP-QM5GHSN" failures="0" tests="4" name="demo.testng.Demo2" time="0.012" errors="0" timestamp="2022-02-15T17:14:51 IST" skipped="1">
  <testcase classname="demo.testng.Demo2" name="openApplication" time="0.009"/>
  <system-out/>
  <testcase classname="demo.testng.Demo2" name="login" time="0.001"/>
  <system-out/>
  <testcase classname="demo.testng.Demo2" name="closeApplication" time="0.002"/>
  <system-out/>
  <testcase classname="demo.testng.Demo2" name="deleteMail">
    <skipped/>
  </testcase> <!-- deleteMail -->
  <system-out/>
</testsuite> <!-- demo.testng.Demo2 -->
