<?xml version="1.0" encoding="UTF-8"?>
<!-- Generated by org.testng.reporters.JUnitReportReporter -->
<testsuite hostname="DESKTOP-QM5GHSN" failures="0" tests="2" name="demo.testng.Demo3" time="5.015" errors="0" timestamp="2022-02-15T16:57:17 IST" skipped="0">
  <testcase classname="demo.testng.Demo3" name="testexception" time="0.009"/>
  <system-out/>
  <testcase classname="demo.testng.Demo3" name="timeout" time="5.006"/>
  <system-out/>
</testsuite> <!-- demo.testng.Demo3 -->
