<?xml version="1.0" encoding="UTF-8"?>
<!-- Generated by org.testng.reporters.JUnitReportReporter -->
<testsuite hostname="DESKTOP-QM5GHSN" failures="0" tests="1" name="com.zen.trng.demo.test.OrangeHRMTest" time="4.980" errors="0" timestamp="2022-02-15T11:33:37 IST" skipped="0">
  <testcase classname="com.zen.trng.demo.test.OrangeHRMTest" name="orangeHRMLoginTest1" time="4.980"/>
  <system-out>
    <![CDATA[Logged in]]>
  </system-out>
</testsuite> <!-- com.zen.trng.demo.test.OrangeHRMTest -->
