<?xml version="1.0" encoding="UTF-8"?>
<!-- Generated by org.testng.reporters.JUnitReportReporter -->
<testsuite hostname="DESKTOP-QM5GHSN" failures="0" tests="3" name="demo.testng.ParamswithDP" time="0.012" errors="0" timestamp="2022-02-16T10:31:55 IST" skipped="0">
  <testcase classname="demo.testng.ParamswithDP" name="login" time="0.002"/>
  <system-out/>
  <testcase classname="demo.testng.ParamswithDP" name="login" time="0.002"/>
  <system-out/>
  <testcase classname="demo.testng.ParamswithDP" name="login" time="0.008"/>
  <system-out/>
</testsuite> <!-- demo.testng.ParamswithDP -->
