<?xml version="1.0" encoding="UTF-8"?>
<!-- Generated by org.testng.reporters.JUnitReportReporter -->
<testsuite hostname="DESKTOP-QM5GHSN" failures="0" tests="3" name="demo.testng.SAmple2" time="0.012" errors="0" timestamp="2022-02-15T12:15:24 IST" skipped="0">
  <testcase classname="demo.testng.SAmple2" name="test1" time="0.007"/>
  <system-out/>
  <testcase classname="demo.testng.SAmple2" name="test2" time="0.003"/>
  <system-out/>
  <testcase classname="demo.testng.SAmple2" name="test3" time="0.002"/>
  <system-out/>
</testsuite> <!-- demo.testng.SAmple2 -->
