<?xml version="1.0" encoding="UTF-8"?>
<!-- Generated by org.testng.reporters.JUnitReportReporter -->
<testsuite hostname="DESKTOP-QM5GHSN" failures="0" tests="2" name="com.zen.trng.demo.test.Dummy" time="0.012" errors="0" timestamp="2022-02-15T10:11:24 IST" skipped="0">
  <testcase classname="com.zen.trng.demo.test.Dummy" name="test2" time="0.002"/>
  <system-out/>
  <testcase classname="com.zen.trng.demo.test.Dummy" name="test1" time="0.010"/>
  <system-out/>
</testsuite> <!-- com.zen.trng.demo.test.Dummy -->
